<?xml version="1.0" encoding="UTF-8"?>
<!-- Generated by org.testng.reporters.JUnitXMLReporter -->
<testsuite hostname="KALPESH-MBA.local" name="PoolTestAndroid" tests="10" failures="0" timestamp="25 Apr 2017 07:27:37 GMT" time="820.027" errors="0">
  <testcase name="test_01" time="28.643" classname="com.browserstack.suite.SuiteTest01"/>
  <testcase name="test_03" time="35.896" classname="com.browserstack.suite.SuiteTest03"/>
  <testcase name="test_05" time="30.886" classname="com.browserstack.suite.SuiteTest05"/>
  <testcase name="test_06" time="35.908" classname="com.browserstack.suite.SuiteTest06"/>
  <testcase name="test_02" time="32.988" classname="com.browserstack.suite.SuiteTest02"/>
  <testcase name="test_07" time="27.126" classname="com.browserstack.suite.SuiteTest07"/>
  <testcase name="test_08" time="25.183" classname="com.browserstack.suite.SuiteTest08"/>
  <testcase name="test_04" time="28.686" classname="com.browserstack.suite.SuiteTest04"/>
  <testcase name="test_10" time="30.808" classname="com.browserstack.suite.SuiteTest10"/>
  <testcase name="test_09" time="30.157" classname="com.browserstack.suite.SuiteTest09"/>
</testsuite> <!-- PoolTestAndroid -->
