<?xml version="1.0" encoding="UTF-8"?>
<!-- Generated by org.testng.reporters.JUnitXMLReporter -->
<testsuite hostname="KALPESH-MBA.local" name="PoolTestChrome" tests="10" failures="0" timestamp="25 Apr 2017 07:15:30 GMT" time="93.317" errors="0">
  <testcase name="test_01" time="7.505" classname="com.browserstack.suite.SuiteTest01"/>
  <testcase name="test_03" time="17.249" classname="com.browserstack.suite.SuiteTest03"/>
  <testcase name="test_02" time="12.118" classname="com.browserstack.suite.SuiteTest02"/>
  <testcase name="test_04" time="9.215" classname="com.browserstack.suite.SuiteTest04"/>
  <testcase name="test_07" time="5.943" classname="com.browserstack.suite.SuiteTest07"/>
  <testcase name="test_05" time="17.187" classname="com.browserstack.suite.SuiteTest05"/>
  <testcase name="test_06" time="23.546" classname="com.browserstack.suite.SuiteTest06"/>
  <testcase name="test_08" time="8.61" classname="com.browserstack.suite.SuiteTest08"/>
  <testcase name="test_09" time="11.484" classname="com.browserstack.suite.SuiteTest09"/>
  <testcase name="test_10" time="12.452" classname="com.browserstack.suite.SuiteTest10"/>
</testsuite> <!-- PoolTestChrome -->
