<?xml version="1.0" encoding="UTF-8"?>
<!-- Generated by org.testng.reporters.JUnitXMLReporter -->
<testsuite hostname="KALPESH-MBA.local" name="SingleTestIE" tests="1" failures="1" timestamp="29 Apr 2017 13:16:11 GMT" time="115.004" errors="0">
  <testcase name="testLogin" time="99.571" classname="com.browserstack.SingleTest">
    <failure type="java.lang.AssertionError" message="expected [Dashboard#os=Windows&amp;amp;os_version=10&amp;amp;browser=Chrome&amp;amp;browser_version=58.0&amp;amp;zoom_to_fit=true&amp;amp;full_screen=true&amp;amp;resolution=responsive-mode&amp;amp;url=https%3A%2F%2Fwww.google.nl%2F%3Fgws_rd%3Dcr%26ei%3DCRb_WJDyL4Gma8Dek4gB&amp;amp;speed=1] but found [Dashboard]">
      <![CDATA[java.lang.AssertionError: expected [Dashboard#os=Windows&os_version=10&browser=Chrome&browser_version=58.0&zoom_to_fit=true&full_screen=true&resolution=responsive-mode&url=https%3A%2F%2Fwww.google.nl%2F%3Fgws_rd%3Dcr%26ei%3DCRb_WJDyL4Gma8Dek4gB&speed=1] but found [Dashboard]
	at com.browserstack.SingleTest.testLogin(SingleTest.java:46)
	at java.util.concurrent.FutureTask.run(FutureTask.java:266)
	at java.util.concurrent.ThreadPoolExecutor.runWorker(ThreadPoolExecutor.java:1142)
	at java.util.concurrent.ThreadPoolExecutor$Worker.run(ThreadPoolExecutor.java:617)
	at java.lang.Thread.run(Thread.java:745)
... Removed 22 stack frames]]>
    </failure>
  </testcase> <!-- testLogin -->
</testsuite> <!-- SingleTestIE -->
