<?xml version="1.0" encoding="UTF-8"?>
<!-- Generated by org.testng.reporters.JUnitXMLReporter -->
<testsuite hostname="KALPESH-MBA.local" name="Default test" tests="1" failures="1" timestamp="21 Apr 2017 12:16:46 GMT" time="38.566" errors="0">
  <testcase name="test1" time="28.515" classname="com.browserstack.AppiumTest">
    <failure type="org.openqa.selenium.InvalidSelectorException" message="Locator Strategy &amp;apos;name&amp;apos; is not supported for this session (WARNING: The server did not provide any stacktrace information)
Command duration or timeout: 569 milliseconds
For documentation on this error, please visit: http://seleniumhq.org/exceptions/invalid_selector_exception.html
Build info: version: &amp;apos;2.52.0&amp;apos;, revision: &amp;apos;4c2593cfc3689a7fcd7be52549167e5ccc93ad28&amp;apos;, time: &amp;apos;2016-02-11 11:22:43&amp;apos;
System info: host: &amp;apos;KALPESH-MBA.local&amp;apos;, ip: &amp;apos;127.0.0.1&amp;apos;, os.name: &amp;apos;Mac OS X&amp;apos;, os.arch: &amp;apos;x86_64&amp;apos;, os.version: &amp;apos;10.12.3&amp;apos;, java.version: &amp;apos;1.8.0_121&amp;apos;
Driver info: io.appium.java_client.android.AndroidDriver
Capabilities [{appPackage=com.example.kalpesh.omgandroid, testobject_user_id=kdoshi1981, networkConnectionEnabled=true, testobject_test_report_url=https://app.testobject.com/#/kdoshi1981/omg-android/appium/executions/8, warnings={}, testobject_device=LG_Nexus_5X_real, testobject_device_session_id=d25972af-25d5-4706-939c-d41c9b255ecb, databaseEnabled=false, adbPort=15001, testobject_project_id=omg-android, deviceName=00d5ff38df614fb8, platform=LINUX, deviceUDID=00d5ff38df614fb8, testobject_test_report_id=8, appActivity=com.example.kalpesh.omgandroid.MainActivity, desired={appPackage=com.example.kalpesh.omgandroid, appActivity=com.example.kalpesh.omgandroid.MainActivity, testobject_device=LG_Nexus_5X_real, testobject_api_key=2B97A2EF61344DA3BDFC16FA2BD23413, platformName=Android, adbPort=15001, deviceName=LG_Nexus_5X_real}, platformVersion=7.1.1, webStorageEnabled=false, locationContextEnabled=false, takesScreenshot=true, javascriptEnabled=true, testobject_api_key=2B97A2EF61344DA3BDFC16FA2BD23413, platformName=Android, testobject_test_live_view_url=https://app.testobject.com/#/kdoshi1981/omg-android/appium/view/8?dc=EU}]
Session ID: 2c0d4016-8825-4aa0-9283-b736cf5cb99c
*** Element info: {Using=name, value=Button}">
      <![CDATA[org.openqa.selenium.InvalidSelectorException: Locator Strategy 'name' is not supported for this session (WARNING: The server did not provide any stacktrace information)
Command duration or timeout: 569 milliseconds
For documentation on this error, please visit: http://seleniumhq.org/exceptions/invalid_selector_exception.html
Build info: version: '2.52.0', revision: '4c2593cfc3689a7fcd7be52549167e5ccc93ad28', time: '2016-02-11 11:22:43'
System info: host: 'KALPESH-MBA.local', ip: '127.0.0.1', os.name: 'Mac OS X', os.arch: 'x86_64', os.version: '10.12.3', java.version: '1.8.0_121'
Driver info: io.appium.java_client.android.AndroidDriver
Capabilities [{appPackage=com.example.kalpesh.omgandroid, testobject_user_id=kdoshi1981, networkConnectionEnabled=true, testobject_test_report_url=https://app.testobject.com/#/kdoshi1981/omg-android/appium/executions/8, warnings={}, testobject_device=LG_Nexus_5X_real, testobject_device_session_id=d25972af-25d5-4706-939c-d41c9b255ecb, databaseEnabled=false, adbPort=15001, testobject_project_id=omg-android, deviceName=00d5ff38df614fb8, platform=LINUX, deviceUDID=00d5ff38df614fb8, testobject_test_report_id=8, appActivity=com.example.kalpesh.omgandroid.MainActivity, desired={appPackage=com.example.kalpesh.omgandroid, appActivity=com.example.kalpesh.omgandroid.MainActivity, testobject_device=LG_Nexus_5X_real, testobject_api_key=2B97A2EF61344DA3BDFC16FA2BD23413, platformName=Android, adbPort=15001, deviceName=LG_Nexus_5X_real}, platformVersion=7.1.1, webStorageEnabled=false, locationContextEnabled=false, takesScreenshot=true, javascriptEnabled=true, testobject_api_key=2B97A2EF61344DA3BDFC16FA2BD23413, platformName=Android, testobject_test_live_view_url=https://app.testobject.com/#/kdoshi1981/omg-android/appium/view/8?dc=EU}]
Session ID: 2c0d4016-8825-4aa0-9283-b736cf5cb99c
*** Element info: {Using=name, value=Button}
	at sun.reflect.NativeConstructorAccessorImpl.newInstance0(Native Method)
	at sun.reflect.NativeConstructorAccessorImpl.newInstance(NativeConstructorAccessorImpl.java:62)
	at sun.reflect.DelegatingConstructorAccessorImpl.newInstance(DelegatingConstructorAccessorImpl.java:45)
	at java.lang.reflect.Constructor.newInstance(Constructor.java:423)
	at org.openqa.selenium.remote.ErrorHandler.createThrowable(ErrorHandler.java:206)
	at org.openqa.selenium.remote.ErrorHandler.throwIfResponseFailed(ErrorHandler.java:158)
	at org.openqa.selenium.remote.RemoteWebDriver.execute(RemoteWebDriver.java:678)
	at io.appium.java_client.AppiumDriver.execute(AppiumDriver.java:180)
	at org.openqa.selenium.remote.RemoteWebDriver.findElement(RemoteWebDriver.java:363)
	at org.openqa.selenium.remote.RemoteWebDriver.findElementByName(RemoteWebDriver.java:461)
	at org.openqa.selenium.By$ByName.findElement(By.java:303)
	at org.openqa.selenium.remote.RemoteWebDriver.findElement(RemoteWebDriver.java:355)
	at com.browserstack.AppiumTest.test1(AppiumTest.java:57)
	at sun.reflect.NativeMethodAccessorImpl.invoke0(Native Method)
	at sun.reflect.NativeMethodAccessorImpl.invoke(NativeMethodAccessorImpl.java:62)
	at sun.reflect.DelegatingMethodAccessorImpl.invoke(DelegatingMethodAccessorImpl.java:43)
	at java.lang.reflect.Method.invoke(Method.java:498)
	at org.testng.internal.MethodInvocationHelper.invokeMethod(MethodInvocationHelper.java:86)
	at org.testng.internal.Invoker.invokeMethod(Invoker.java:643)
	at org.testng.internal.Invoker.invokeTestMethod(Invoker.java:820)
	at org.testng.internal.Invoker.invokeTestMethods(Invoker.java:1128)
	at org.testng.internal.TestMethodWorker.invokeTestMethods(TestMethodWorker.java:129)
	at org.testng.internal.TestMethodWorker.run(TestMethodWorker.java:112)
	at org.testng.TestRunner.privateRun(TestRunner.java:782)
	at org.testng.TestRunner.run(TestRunner.java:632)
	at org.testng.SuiteRunner.runTest(SuiteRunner.java:366)
	at org.testng.SuiteRunner.runSequentially(SuiteRunner.java:361)
	at org.testng.SuiteRunner.privateRun(SuiteRunner.java:319)
	at org.testng.SuiteRunner.run(SuiteRunner.java:268)
	at org.testng.SuiteRunnerWorker.runSuite(SuiteRunnerWorker.java:52)
	at org.testng.SuiteRunnerWorker.run(SuiteRunnerWorker.java:86)
	at org.testng.TestNG.runSuitesSequentially(TestNG.java:1244)
	at org.testng.TestNG.runSuitesLocally(TestNG.java:1169)
	at org.testng.TestNG.run(TestNG.java:1064)
	at org.testng.remote.AbstractRemoteTestNG.run(AbstractRemoteTestNG.java:132)
	at org.testng.remote.RemoteTestNG.initAndRun(RemoteTestNG.java:230)
	at org.testng.remote.RemoteTestNG.main(RemoteTestNG.java:76)
]]>
    </failure>
  </testcase> <!-- test1 -->
</testsuite> <!-- Default test -->
