<?xml version="1.0" encoding="UTF-8"?>
<testng-results skipped="0" failed="0" total="1" passed="1">
  <reporter-output>
  </reporter-output>
  <suite name="Single" duration-ms="62802" started-at="2017-05-02T06:42:29Z" finished-at="2017-05-02T06:43:32Z">
    <groups>
    </groups>
    <test name="SingleTest" duration-ms="62802" started-at="2017-05-02T06:42:29Z" finished-at="2017-05-02T06:43:32Z">
      <class name="com.browserstack.SingleTest">
        <test-method status="PASS" signature="setUp(java.lang.String, java.lang.String)[pri:0, instance:com.browserstack.SingleTest@7d9d1a19]" name="setUp" is-config="true" duration-ms="5819" started-at="2017-05-02T12:12:29Z" finished-at="2017-05-02T12:12:35Z">
          <params>
            <param index="0">
              <value>
                <![CDATA[single.conf.json]]>
              </value>
            </param>
            <param index="1">
              <value>
                <![CDATA[chrome]]>
              </value>
            </param>
          </params>
          <reporter-output>
          </reporter-output>
        </test-method> <!-- setUp -->
        <test-method status="PASS" signature="testLogin()[pri:0, instance:com.browserstack.SingleTest@7d9d1a19]" name="testLogin" duration-ms="42354" started-at="2017-05-02T12:12:35Z" finished-at="2017-05-02T12:13:18Z">
          <reporter-output>
          </reporter-output>
        </test-method> <!-- testLogin -->
        <test-method status="PASS" signature="tearDown()[pri:0, instance:com.browserstack.SingleTest@7d9d1a19]" name="tearDown" is-config="true" duration-ms="14585" started-at="2017-05-02T12:13:18Z" finished-at="2017-05-02T12:13:32Z">
          <reporter-output>
          </reporter-output>
        </test-method> <!-- tearDown -->
      </class> <!-- com.browserstack.SingleTest -->
    </test> <!-- SingleTest -->
  </suite> <!-- Single -->
</testng-results>
