<?xml version="1.0" encoding="UTF-8"?>
<testng-results skipped="2" failed="0" total="4" passed="2">
  <reporter-output>
  </reporter-output>
  <suite name="Single" duration-ms="638431" started-at="2017-08-04T10:44:26Z" finished-at="2017-08-04T10:55:05Z">
    <groups>
    </groups>
    <test name="SingleTest" duration-ms="638431" started-at="2017-08-04T10:44:26Z" finished-at="2017-08-04T10:55:05Z">
      <class name="com.browserstack.AppiumIOSCalculatorSim">
        <test-method status="PASS" signature="setUp()[pri:0, instance:com.browserstack.AppiumIOSCalculatorSim@1e397ed7]" name="setUp" is-config="true" duration-ms="153327" started-at="2017-08-04T16:14:26Z" finished-at="2017-08-04T16:17:00Z">
          <reporter-output>
          </reporter-output>
        </test-method> <!-- setUp -->
        <test-method status="PASS" signature="addition()[pri:0, instance:com.browserstack.AppiumIOSCalculatorSim@1e397ed7]" name="addition" duration-ms="19932" started-at="2017-08-04T16:17:00Z" finished-at="2017-08-04T16:17:20Z">
          <reporter-output>
          </reporter-output>
        </test-method> <!-- addition -->
        <test-method status="PASS" signature="tearDown()[pri:0, instance:com.browserstack.AppiumIOSCalculatorSim@1e397ed7]" name="tearDown" is-config="true" duration-ms="13809" started-at="2017-08-04T16:17:20Z" finished-at="2017-08-04T16:17:33Z">
          <reporter-output>
          </reporter-output>
        </test-method> <!-- tearDown -->
        <test-method status="PASS" signature="setUp()[pri:0, instance:com.browserstack.AppiumIOSCalculatorSim@1e397ed7]" name="setUp" is-config="true" duration-ms="156556" started-at="2017-08-04T16:17:33Z" finished-at="2017-08-04T16:20:10Z">
          <reporter-output>
          </reporter-output>
        </test-method> <!-- setUp -->
        <test-method status="PASS" signature="division()[pri:0, instance:com.browserstack.AppiumIOSCalculatorSim@1e397ed7]" name="division" duration-ms="18783" started-at="2017-08-04T16:20:10Z" finished-at="2017-08-04T16:20:29Z">
          <reporter-output>
          </reporter-output>
        </test-method> <!-- division -->
        <test-method status="PASS" signature="tearDown()[pri:0, instance:com.browserstack.AppiumIOSCalculatorSim@1e397ed7]" name="tearDown" is-config="true" duration-ms="13038" started-at="2017-08-04T16:20:29Z" finished-at="2017-08-04T16:20:42Z">
          <reporter-output>
          </reporter-output>
        </test-method> <!-- tearDown -->
        <test-method status="FAIL" signature="setUp()[pri:0, instance:com.browserstack.AppiumIOSCalculatorSim@1e397ed7]" name="setUp" is-config="true" duration-ms="0" started-at="2017-08-04T16:20:42Z" finished-at="2017-08-04T16:20:42Z">
          <exception class="org.openqa.selenium.WebDriverException">
            <message>
              <![CDATA[An unknown server-side error occurred while processing the command. Original error: Simulator is not booted after 123 seconds (WARNING: The server did not provide any stacktrace information)
Command duration or timeout: 130.99 seconds
Build info: version: '2.52.0', revision: '4c2593cfc3689a7fcd7be52549167e5ccc93ad28', time: '2016-02-11 11:22:43'
System info: host: 'KALPESH-MBA.local', ip: '127.0.0.1', os.name: 'Mac OS X', os.arch: 'x86_64', os.version: '10.12.3', java.version: '1.8.0_121'
Driver info: io.appium.java_client.ios.IOSDriver]]>
            </message>
            <full-stacktrace>
              <![CDATA[org.openqa.selenium.WebDriverException: An unknown server-side error occurred while processing the command. Original error: Simulator is not booted after 123 seconds (WARNING: The server did not provide any stacktrace information)
Command duration or timeout: 130.99 seconds
Build info: version: '2.52.0', revision: '4c2593cfc3689a7fcd7be52549167e5ccc93ad28', time: '2016-02-11 11:22:43'
System info: host: 'KALPESH-MBA.local', ip: '127.0.0.1', os.name: 'Mac OS X', os.arch: 'x86_64', os.version: '10.12.3', java.version: '1.8.0_121'
Driver info: io.appium.java_client.ios.IOSDriver
	at sun.reflect.NativeConstructorAccessorImpl.newInstance0(Native Method)
	at sun.reflect.NativeConstructorAccessorImpl.newInstance(NativeConstructorAccessorImpl.java:62)
	at sun.reflect.DelegatingConstructorAccessorImpl.newInstance(DelegatingConstructorAccessorImpl.java:45)
	at java.lang.reflect.Constructor.newInstance(Constructor.java:423)
	at org.openqa.selenium.remote.ErrorHandler.createThrowable(ErrorHandler.java:206)
	at org.openqa.selenium.remote.ErrorHandler.throwIfResponseFailed(ErrorHandler.java:158)
	at org.openqa.selenium.remote.RemoteWebDriver.execute(RemoteWebDriver.java:678)
	at io.appium.java_client.AppiumDriver.execute(AppiumDriver.java:180)
	at org.openqa.selenium.remote.RemoteWebDriver.startSession(RemoteWebDriver.java:249)
	at org.openqa.selenium.remote.RemoteWebDriver.<init>(RemoteWebDriver.java:131)
	at org.openqa.selenium.remote.RemoteWebDriver.<init>(RemoteWebDriver.java:158)
	at io.appium.java_client.AppiumDriver.<init>(AppiumDriver.java:109)
	at io.appium.java_client.ios.IOSDriver.<init>(IOSDriver.java:23)
	at com.browserstack.AppiumIOSCalculatorSim.setUp(AppiumIOSCalculatorSim.java:47)
	at sun.reflect.NativeMethodAccessorImpl.invoke0(Native Method)
	at sun.reflect.NativeMethodAccessorImpl.invoke(NativeMethodAccessorImpl.java:62)
	at sun.reflect.DelegatingMethodAccessorImpl.invoke(DelegatingMethodAccessorImpl.java:43)
	at java.lang.reflect.Method.invoke(Method.java:498)
	at org.testng.internal.MethodInvocationHelper.invokeMethod(MethodInvocationHelper.java:86)
	at org.testng.internal.Invoker.invokeConfigurationMethod(Invoker.java:514)
	at org.testng.internal.Invoker.invokeConfigurations(Invoker.java:215)
	at org.testng.internal.Invoker.invokeMethod(Invoker.java:589)
	at org.testng.internal.Invoker.invokeTestMethod(Invoker.java:820)
	at org.testng.internal.Invoker.invokeTestMethods(Invoker.java:1128)
	at org.testng.internal.TestMethodWorker.invokeTestMethods(TestMethodWorker.java:129)
	at org.testng.internal.TestMethodWorker.run(TestMethodWorker.java:112)
	at org.testng.TestRunner.privateRun(TestRunner.java:782)
	at org.testng.TestRunner.run(TestRunner.java:632)
	at org.testng.SuiteRunner.runTest(SuiteRunner.java:366)
	at org.testng.SuiteRunner.runSequentially(SuiteRunner.java:361)
	at org.testng.SuiteRunner.privateRun(SuiteRunner.java:319)
	at org.testng.SuiteRunner.run(SuiteRunner.java:268)
	at org.testng.SuiteRunnerWorker.runSuite(SuiteRunnerWorker.java:52)
	at org.testng.SuiteRunnerWorker.run(SuiteRunnerWorker.java:86)
	at org.testng.TestNG.runSuitesSequentially(TestNG.java:1244)
	at org.testng.TestNG.runSuitesLocally(TestNG.java:1169)
	at org.testng.TestNG.run(TestNG.java:1064)
	at org.testng.remote.AbstractRemoteTestNG.run(AbstractRemoteTestNG.java:132)
	at org.testng.remote.RemoteTestNG.initAndRun(RemoteTestNG.java:230)
	at org.testng.remote.RemoteTestNG.main(RemoteTestNG.java:76)
]]>
            </full-stacktrace>
          </exception> <!-- org.openqa.selenium.WebDriverException -->
          <reporter-output>
          </reporter-output>
        </test-method> <!-- setUp -->
        <test-method status="SKIP" signature="multiplication()[pri:0, instance:com.browserstack.AppiumIOSCalculatorSim@1e397ed7]" name="multiplication" duration-ms="3" started-at="2017-08-04T16:23:13Z" finished-at="2017-08-04T16:23:13Z">
          <reporter-output>
          </reporter-output>
        </test-method> <!-- multiplication -->
        <test-method status="PASS" signature="tearDown()[pri:0, instance:com.browserstack.AppiumIOSCalculatorSim@1e397ed7]" name="tearDown" is-config="true" duration-ms="2" started-at="2017-08-04T16:23:13Z" finished-at="2017-08-04T16:23:13Z">
          <reporter-output>
          </reporter-output>
        </test-method> <!-- tearDown -->
        <test-method status="PASS" signature="setUp()[pri:0, instance:com.browserstack.AppiumIOSCalculatorSim@1e397ed7]" name="setUp" is-config="true" duration-ms="98756" started-at="2017-08-04T16:23:13Z" finished-at="2017-08-04T16:24:52Z">
          <reporter-output>
          </reporter-output>
        </test-method> <!-- setUp -->
        <test-method status="SKIP" signature="subtraction()[pri:0, instance:com.browserstack.AppiumIOSCalculatorSim@1e397ed7]" name="subtraction" duration-ms="10" started-at="2017-08-04T16:24:52Z" finished-at="2017-08-04T16:24:52Z">
          <reporter-output>
          </reporter-output>
        </test-method> <!-- subtraction -->
        <test-method status="PASS" signature="tearDown()[pri:0, instance:com.browserstack.AppiumIOSCalculatorSim@1e397ed7]" name="tearDown" is-config="true" duration-ms="13065" started-at="2017-08-04T16:24:52Z" finished-at="2017-08-04T16:25:05Z">
          <reporter-output>
          </reporter-output>
        </test-method> <!-- tearDown -->
      </class> <!-- com.browserstack.AppiumIOSCalculatorSim -->
    </test> <!-- SingleTest -->
  </suite> <!-- Single -->
</testng-results>
